  main.cpp
C:\Users\orio6\source\repos\Project1\Project1\main.cpp(36,51): warning C4244: 'argument' : conversion de 'int' en 'T', perte possible de données
C:\Users\orio6\source\repos\Project1\Project1\main.cpp(36,51): warning C4244:         with
C:\Users\orio6\source\repos\Project1\Project1\main.cpp(36,51): warning C4244:         [
C:\Users\orio6\source\repos\Project1\Project1\main.cpp(36,51): warning C4244:             T=float
C:\Users\orio6\source\repos\Project1\Project1\main.cpp(36,51): warning C4244:         ]
C:\Users\orio6\source\repos\Project1\Project1\main.cpp(36,41): warning C4244: 'argument' : conversion de 'int' en 'T', perte possible de données
C:\Users\orio6\source\repos\Project1\Project1\main.cpp(36,41): warning C4244:         with
C:\Users\orio6\source\repos\Project1\Project1\main.cpp(36,41): warning C4244:         [
C:\Users\orio6\source\repos\Project1\Project1\main.cpp(36,41): warning C4244:             T=float
C:\Users\orio6\source\repos\Project1\Project1\main.cpp(36,41): warning C4244:         ]
C:\Users\orio6\source\repos\Project1\Project1\main.cpp(40,75): warning C4244: 'argument' : conversion de 'int' en 'float', perte possible de données
C:\Users\orio6\source\repos\Project1\Project1\main.cpp(40,46): warning C4244: 'argument' : conversion de 'int' en 'float', perte possible de données
C:\Users\orio6\source\repos\Project1\Project1\main.cpp(260,52): warning C4244: 'argument' : conversion de 'int' en 'T', perte possible de données
C:\Users\orio6\source\repos\Project1\Project1\main.cpp(260,52): warning C4244:         with
C:\Users\orio6\source\repos\Project1\Project1\main.cpp(260,52): warning C4244:         [
C:\Users\orio6\source\repos\Project1\Project1\main.cpp(260,52): warning C4244:             T=float
C:\Users\orio6\source\repos\Project1\Project1\main.cpp(260,52): warning C4244:         ]
C:\Users\orio6\source\repos\Project1\Project1\main.cpp(260,36): warning C4244: 'argument' : conversion de 'int' en 'T', perte possible de données
C:\Users\orio6\source\repos\Project1\Project1\main.cpp(260,36): warning C4244:         with
C:\Users\orio6\source\repos\Project1\Project1\main.cpp(260,36): warning C4244:         [
C:\Users\orio6\source\repos\Project1\Project1\main.cpp(260,36): warning C4244:             T=float
C:\Users\orio6\source\repos\Project1\Project1\main.cpp(260,36): warning C4244:         ]
C:\Users\orio6\source\repos\Project1\Project1\main.cpp(265,88): warning C4244: 'argument' : conversion de 'int' en 'float', perte possible de données
  Génération de code en cours
C:\Users\orio6\source\repos\Project1\Project1\main.cpp(604): warning C4715: 'Jeu::boucleDeJeu' : les chemins de contrôle ne retournent pas tous une valeur
  4 of 275 functions ( 1.5%) were compiled, the rest were copied from previous compilation.
    0 functions were new in current compilation
    24 functions had inline decision re-evaluated but remain unchanged
  Fin de la génération du code
  Project1.vcxproj -> C:\Users\orio6\source\repos\Project1\x64\Release\Project1.exe
